[0518/005606.744:ERROR:process_info.cc(329)] VirtualQueryEx: Access is denied. (0x5)
[0518/005606.746:ERROR:process_info.cc(556)] ReadMemoryInfo failed
[0518/005606.746:ERROR:scoped_process_suspend.cc(40)] NtResumeProcess: An attempt was made to access an exiting process. (0xc000010a)
[0518/005606.795:ERROR:process_info.cc(329)] VirtualQueryEx: Access is denied. (0x5)
[0518/005606.795:ERROR:process_info.cc(556)] ReadMemoryInfo failed
[0518/005606.795:ERROR:scoped_process_suspend.cc(40)] NtResumeProcess: An attempt was made to access an exiting process. (0xc000010a)
[0520/035023.025:ERROR:process_reader_win.cc(151)] SuspendThread: Access is denied. (0x5)
[0520/035023.026:ERROR:process_reader_win.cc(151)] SuspendThread: Access is denied. (0x5)
[0520/035023.027:ERROR:process_reader_win.cc(151)] SuspendThread: Access is denied. (0x5)
[0520/035023.027:ERROR:process_reader_win.cc(151)] SuspendThread: Access is denied. (0x5)
[0520/035023.027:ERROR:process_reader_win.cc(151)] SuspendThread: Access is denied. (0x5)
[0520/035023.027:ERROR:process_reader_win.cc(151)] SuspendThread: Access is denied. (0x5)
[0520/035023.027:ERROR:process_reader_win.cc(151)] SuspendThread: Access is denied. (0x5)
[0520/035023.027:ERROR:process_reader_win.cc(151)] SuspendThread: Access is denied. (0x5)
[0520/035023.027:ERROR:process_reader_win.cc(151)] SuspendThread: Access is denied. (0x5)
[0520/035023.027:ERROR:process_reader_win.cc(151)] SuspendThread: Access is denied. (0x5)
[0520/035023.027:ERROR:process_reader_win.cc(151)] SuspendThread: Access is denied. (0x5)
[0520/035023.027:ERROR:process_reader_win.cc(123)] NtOpenThread: {Access Denied} A process has requested access to an object, but has not been granted those access rights. (0xc0000022)
[0520/035023.029:ERROR:exception_snapshot_win.cc(98)] thread ID 13524 not found in process
[0520/035023.042:ERROR:process_reader_win.cc(151)] SuspendThread: Access is denied. (0x5)
[0520/035023.042:ERROR:process_reader_win.cc(151)] SuspendThread: Access is denied. (0x5)
[0520/035023.042:ERROR:process_reader_win.cc(151)] SuspendThread: Access is denied. (0x5)
[0520/035023.042:ERROR:process_reader_win.cc(151)] SuspendThread: Access is denied. (0x5)
[0520/035023.042:ERROR:process_reader_win.cc(151)] SuspendThread: Access is denied. (0x5)
[0520/035023.042:ERROR:process_reader_win.cc(151)] SuspendThread: Access is denied. (0x5)
[0520/035023.042:ERROR:process_reader_win.cc(151)] SuspendThread: Access is denied. (0x5)
[0520/035023.042:ERROR:process_reader_win.cc(151)] SuspendThread: Access is denied. (0x5)
[0520/035023.042:ERROR:process_reader_win.cc(151)] SuspendThread: Access is denied. (0x5)
[0520/035023.043:ERROR:process_reader_win.cc(151)] SuspendThread: Access is denied. (0x5)
[0520/035023.043:ERROR:process_reader_win.cc(151)] SuspendThread: Access is denied. (0x5)
[0520/035023.043:ERROR:process_reader_win.cc(151)] SuspendThread: Access is denied. (0x5)
[0520/035023.043:ERROR:process_reader_win.cc(151)] SuspendThread: Access is denied. (0x5)
[0520/035023.043:ERROR:process_reader_win.cc(151)] SuspendThread: Access is denied. (0x5)
[0520/035023.043:ERROR:process_reader_win.cc(123)] NtOpenThread: {Access Denied} A process has requested access to an object, but has not been granted those access rights. (0xc0000022)
[0520/035023.043:ERROR:exception_snapshot_win.cc(98)] thread ID 14712 not found in process
[0520/035023.058:ERROR:process_reader_win.cc(151)] SuspendThread: Access is denied. (0x5)
[0520/035023.058:ERROR:process_reader_win.cc(151)] SuspendThread: Access is denied. (0x5)
[0520/035023.058:ERROR:process_reader_win.cc(123)] NtOpenThread: {Access Denied} A process has requested access to an object, but has not been granted those access rights. (0xc0000022)
[0520/035023.059:ERROR:exception_snapshot_win.cc(98)] thread ID 11064 not found in process
